  TagCalculations.cpp
D:\1.Sofia University Bechelor\Third Course\First Semester\Data Structures\Data-structures\Project\ErrorsTest\ErrorsTest\TagCalculations.h(9,12): error C2143: syntax error: missing ';' before '-'
D:\1.Sofia University Bechelor\Third Course\First Semester\Data Structures\Data-structures\Project\ErrorsTest\ErrorsTest\TagCalculations.h(9,45): error C2238: unexpected token(s) preceding ';'
D:\1.Sofia University Bechelor\Third Course\First Semester\Data Structures\Data-structures\Project\ErrorsTest\ErrorsTest\TagCalculations.h(10,12): error C2143: syntax error: missing ';' before '-'
D:\1.Sofia University Bechelor\Third Course\First Semester\Data Structures\Data-structures\Project\ErrorsTest\ErrorsTest\TagCalculations.h(10,9): error C2086: 'double TagCalculations::agg': redefinition
D:\1.Sofia University Bechelor\Third Course\First Semester\Data Structures\Data-structures\Project\ErrorsTest\ErrorsTest\TagCalculations.h(9): message : see declaration of 'TagCalculations::agg'
D:\1.Sofia University Bechelor\Third Course\First Semester\Data Structures\Data-structures\Project\ErrorsTest\ErrorsTest\TagCalculations.h(10,45): error C2238: unexpected token(s) preceding ';'
D:\1.Sofia University Bechelor\Third Course\First Semester\Data Structures\Data-structures\Project\ErrorsTest\ErrorsTest\TagCalculations.h(11,12): error C2143: syntax error: missing ';' before '-'
D:\1.Sofia University Bechelor\Third Course\First Semester\Data Structures\Data-structures\Project\ErrorsTest\ErrorsTest\TagCalculations.h(11,9): error C2086: 'double TagCalculations::agg': redefinition
D:\1.Sofia University Bechelor\Third Course\First Semester\Data Structures\Data-structures\Project\ErrorsTest\ErrorsTest\TagCalculations.h(9): message : see declaration of 'TagCalculations::agg'
D:\1.Sofia University Bechelor\Third Course\First Semester\Data Structures\Data-structures\Project\ErrorsTest\ErrorsTest\TagCalculations.h(11,45): error C2238: unexpected token(s) preceding ';'
D:\1.Sofia University Bechelor\Third Course\First Semester\Data Structures\Data-structures\Project\ErrorsTest\ErrorsTest\TagCalculations.h(12,12): error C2143: syntax error: missing ';' before '-'
D:\1.Sofia University Bechelor\Third Course\First Semester\Data Structures\Data-structures\Project\ErrorsTest\ErrorsTest\TagCalculations.h(12,9): error C2086: 'double TagCalculations::agg': redefinition
D:\1.Sofia University Bechelor\Third Course\First Semester\Data Structures\Data-structures\Project\ErrorsTest\ErrorsTest\TagCalculations.h(9): message : see declaration of 'TagCalculations::agg'
D:\1.Sofia University Bechelor\Third Course\First Semester\Data Structures\Data-structures\Project\ErrorsTest\ErrorsTest\TagCalculations.h(12,45): error C2238: unexpected token(s) preceding ';'
D:\1.Sofia University Bechelor\Third Course\First Semester\Data Structures\Data-structures\Project\ErrorsTest\ErrorsTest\TagCalculations.h(13,12): error C2143: syntax error: missing ';' before '-'
D:\1.Sofia University Bechelor\Third Course\First Semester\Data Structures\Data-structures\Project\ErrorsTest\ErrorsTest\TagCalculations.h(13,9): error C2086: 'double TagCalculations::agg': redefinition
D:\1.Sofia University Bechelor\Third Course\First Semester\Data Structures\Data-structures\Project\ErrorsTest\ErrorsTest\TagCalculations.h(9): message : see declaration of 'TagCalculations::agg'
D:\1.Sofia University Bechelor\Third Course\First Semester\Data Structures\Data-structures\Project\ErrorsTest\ErrorsTest\TagCalculations.h(13,45): error C2238: unexpected token(s) preceding ';'
